#
# A fatal error has been detected by the Java Runtime Environment:
#
#  EXCEPTION_ACCESS_VIOLATION (0xc0000005) at pc=0x00000000626c248b, pid=6892, tid=14104
#
# JRE version: Java(TM) SE Runtime Environment (7.0_51-b13) (build 1.7.0_51-b13)
# Java VM: Java HotSpot(TM) 64-Bit Server VM (24.51-b03 mixed mode windows-amd64 compressed oops)
# Problematic frame:
# V  [jvm.dll+0x14248b]
#
# Failed to write core dump. Minidumps are not enabled by default on client versions of Windows
#
# If you would like to submit a bug report, please visit:
#   http://bugreport.sun.com/bugreport/crash.jsp
#

---------------  T H R E A D  ---------------

Current thread (0x0000000001fe8800):  JavaThread "JDWP Transport Listener: dt_socket" daemon [_thread_in_vm, id=14104, stack(0x000000001b130000,0x000000001b230000)]

siginfo: ExceptionCode=0xc0000005, reading address 0xffffffffffffffff

Registers:
RAX=0x000000001b22f701, RBX=0x0000000001fe8800, RCX=0x697463417265003b, RDX=0x0000000000000000
RSP=0x000000001b22f740, RBP=0x697463417265003b, RSI=0x000000001b22f858, RDI=0x00000000005d7ab0
R8 =0x0000000001fe8800, R9 =0x000000001a990fe0, R10=0x00007ffe91290000, R11=0x000000001b22fa3c
R12=0x0000000000000000, R13=0x0000000001fdb3d8, R14=0x0000000000000000, R15=0x0000000000000000
RIP=0x00000000626c248b, EFLAGS=0x0000000000010202

Top of Stack: (sp=0x000000001b22f740)
0x000000001b22f740:   0000000001fe8800 0000000000000003
0x000000001b22f750:   000000001b22f808 0000000062861239
0x000000001b22f760:   0000000001fe8800 000000006287ede2
0x000000001b22f770:   0000000000000000 00000000622f8e89
0x000000001b22f780:   0000000018883058 000000006230265a
0x000000001b22f790:   0000000001fe8800 0000000000000000
0x000000001b22f7a0:   0000000000000000 0000000000000000
0x000000001b22f7b0:   697463417265003b 0000000062301751
0x000000001b22f7c0:   000000001b22f858 000000001b22f830
0x000000001b22f7d0:   0000000000000001 0000000018883058
0x000000001b22f7e0:   697463417265003b 00000000622e53b3
0x000000001b22f7f0:   000000001b22f920 0000000000000001
0x000000001b22f800:   0000000000000001 0000000018883058
0x000000001b22f810:   0000000000000009 0000000000000000
0x000000001b22f820:   0000000000000000 0000000000000000
0x000000001b22f830:   0000000000000001 00000000622e5571 

Instructions: (pc=0x00000000626c248b)
0x00000000626c246b:   48 8b 5c 24 30 48 89 47 18 48 83 c4 20 5f c3 cc
0x00000000626c247b:   cc cc cc cc cc 40 53 48 83 ec 20 48 85 c9 74 54
0x00000000626c248b:   48 8b 19 48 85 db 74 4c 48 b8 fe fe fe fe fe fe
0x00000000626c249b:   fe fe 48 3b d8 74 3d 80 3d 8f 87 60 00 00 74 15 


Register to memory mapping:

RAX=0x000000001b22f701 is pointing into the stack for thread: 0x0000000001fe8800
RBX=0x0000000001fe8800 is a thread
RCX=0x697463417265003b is an unknown value
RDX=0x0000000000000000 is an unknown value
RSP=0x000000001b22f740 is pointing into the stack for thread: 0x0000000001fe8800
RBP=0x697463417265003b is an unknown value
RSI=0x000000001b22f858 is pointing into the stack for thread: 0x0000000001fe8800
RDI=0x00000000005d7ab0 is an unknown value
R8 =0x0000000001fe8800 is a thread
R9 =0x000000001a990fe0 is an unknown value
R10=0x00007ffe91290000 is an unknown value
R11=0x000000001b22fa3c is pointing into the stack for thread: 0x0000000001fe8800
R12=0x0000000000000000 is an unknown value
R13=0x0000000001fdb3d8 is an unknown value
R14=0x0000000000000000 is an unknown value
R15=0x0000000000000000 is an unknown value


Stack: [0x000000001b130000,0x000000001b230000],  sp=0x000000001b22f740,  free space=1021k
Native frames: (J=compiled Java code, j=interpreted, Vv=VM code, C=native code)
V  [jvm.dll+0x14248b]


---------------  P R O C E S S  ---------------

Java Threads: ( => current thread )
  0x000000001a9f2000 JavaThread "Java2D Disposer" daemon [_thread_blocked, id=14888, stack(0x000000001b920000,0x000000001ba20000)]
  0x000000001a89d000 JavaThread "Service Thread" daemon [_thread_blocked, id=3920, stack(0x000000001b630000,0x000000001b730000)]
  0x000000001a897000 JavaThread "C2 CompilerThread1" daemon [_thread_blocked, id=16132, stack(0x000000001b530000,0x000000001b630000)]
  0x000000001a895800 JavaThread "C2 CompilerThread0" daemon [_thread_blocked, id=2276, stack(0x000000001b430000,0x000000001b530000)]
  0x000000001a87b000 JavaThread "JDWP Command Reader" daemon [_thread_in_native, id=17144, stack(0x000000001b330000,0x000000001b430000)]
  0x000000001a87a800 JavaThread "JDWP Event Helper Thread" daemon [_thread_blocked, id=14804, stack(0x000000001b230000,0x000000001b330000)]
=>0x0000000001fe8800 JavaThread "JDWP Transport Listener: dt_socket" daemon [_thread_in_vm, id=14104, stack(0x000000001b130000,0x000000001b230000)]
  0x0000000001fde000 JavaThread "Attach Listener" daemon [_thread_blocked, id=9748, stack(0x000000001ad50000,0x000000001ae50000)]
  0x000000001a871800 JavaThread "Signal Dispatcher" daemon [_thread_blocked, id=12716, stack(0x000000001ac50000,0x000000001ad50000)]
  0x000000001887d000 JavaThread "Finalizer" daemon [_thread_blocked, id=15128, stack(0x000000001a750000,0x000000001a850000)]
  0x0000000018876800 JavaThread "Reference Handler" daemon [_thread_blocked, id=5016, stack(0x000000001a650000,0x000000001a750000)]
  0x00000000005de800 JavaThread "main" [_thread_blocked, id=13300, stack(0x0000000001df0000,0x0000000001ef0000)]

Other Threads:
  0x0000000018875800 VMThread [stack: 0x000000001a550000,0x000000001a650000] [id=4280]
  0x000000001a8b9800 WatcherThread [stack: 0x000000001b730000,0x000000001b830000] [id=1744]

VM state:not at safepoint (normal execution)

VM Mutex/Monitor currently owned by a thread: None

Heap
 PSYoungGen      total 153088K, used 5263K [0x0000000755a00000, 0x0000000760480000, 0x0000000800000000)
  eden space 131584K, 4% used [0x0000000755a00000,0x0000000755f23df8,0x000000075da80000)
  from space 21504K, 0% used [0x000000075ef80000,0x000000075ef80000,0x0000000760480000)
  to   space 21504K, 0% used [0x000000075da80000,0x000000075da80000,0x000000075ef80000)
 ParOldGen       total 348672K, used 0K [0x0000000600e00000, 0x0000000616280000, 0x0000000755a00000)
  object space 348672K, 0% used [0x0000000600e00000,0x0000000600e00000,0x0000000616280000)
 PSPermGen       total 21504K, used 4001K [0x00000005fbc00000, 0x00000005fd100000, 0x0000000600e00000)
  object space 21504K, 18% used [0x00000005fbc00000,0x00000005fbfe8678,0x00000005fd100000)

Card table byte_map: [0x00000000050b0000,0x00000000060e0000] byte_map_base: 0x00000000020d2000

Polling page: 0x00000000005c0000

Code Cache  [0x0000000001ff0000, 0x0000000002260000, 0x0000000004ff0000)
 total_blobs=234 nmethods=7 adapters=188 free_code_cache=48719Kb largest_free_block=49853312

Compilation events (10 events):
Event: 2.640 Thread 0x000000001a895800    3             java.lang.String::indexOf (70 bytes)
Event: 2.642 Thread 0x000000001a895800 nmethod 3 0x000000000204f3d0 code [0x000000000204f520, 0x000000000204f708]
Event: 2.677 Thread 0x000000001a897000    4             java.lang.Math::abs (11 bytes)
Event: 2.677 Thread 0x000000001a897000 nmethod 4 0x0000000002058c50 code [0x0000000002058d80, 0x0000000002058dd8]
Event: 2.682 Thread 0x000000001a895800    5             com.sun.imageio.plugins.png.PNGImageReader::paethPredictor (57 bytes)
Event: 2.682 Thread 0x000000001a897000    6             com.sun.imageio.plugins.png.PNGImageReader::decodePaethFilter (143 bytes)
Event: 2.683 Thread 0x000000001a895800 nmethod 5 0x0000000002057510 code [0x0000000002057640, 0x00000000020576d8]
Event: 2.690 Thread 0x000000001a897000 nmethod 6 0x0000000002057dd0 code [0x0000000002057f20, 0x00000000020588d8]
Event: 2.699 Thread 0x000000001a895800    7             sun.awt.image.ByteInterleavedRaster::putByteData (834 bytes)
Event: 2.736 Thread 0x000000001a895800 nmethod 7 0x0000000002060a10 code [0x0000000002060be0, 0x0000000002063788]

GC Heap History (0 events):
No events

Deoptimization events (0 events):
No events

Internal exceptions (8 events):
Event: 0.022 Thread 0x00000000005de800 Threw 0x0000000755a0c478 at C:\re\jdk7u51\527\hotspot\src\share\vm\prims\jni.cpp:3991
Event: 0.116 Thread 0x00000000005de800 Threw 0x0000000755a59b80 at C:\re\jdk7u51\527\hotspot\src\share\vm\prims\jvm.cpp:1244
Event: 1.198 Thread 0x00000000005de800 Threw 0x0000000755a5f3f0 at C:\re\jdk7u51\527\hotspot\src\share\vm\prims\jvm.cpp:1244
Event: 2.622 Thread 0x00000000005de800 Threw 0x0000000755a675f0 at C:\re\jdk7u51\527\hotspot\src\share\vm\prims\jni.cpp:717
Event: 2.639 Thread 0x00000000005de800 Threw 0x0000000755a833e0 at C:\re\jdk7u51\527\hotspot\src\share\vm\prims\jvm.cpp:1244
Event: 2.639 Thread 0x00000000005de800 Threw 0x0000000755a83508 at C:\re\jdk7u51\527\hotspot\src\share\vm\prims\jvm.cpp:1244
Event: 2.641 Thread 0x00000000005de800 Threw 0x0000000755a86a40 at C:\re\jdk7u51\527\hotspot\src\share\vm\prims\jvm.cpp:1244
Event: 2.641 Thread 0x00000000005de800 Threw 0x0000000755a86b68 at C:\re\jdk7u51\527\hotspot\src\share\vm\prims\jvm.cpp:1244

Events (10 events):
Event: 178.544 Executing VM operation: GetCurrentLocation
Event: 178.544 Executing VM operation: GetCurrentLocation done
Event: 178.544 Executing VM operation: EnterInterpOnlyMode
Event: 178.544 Executing VM operation: EnterInterpOnlyMode done
Event: 178.544 Executing VM operation: ChangeSingleStep
Event: 178.544 Executing VM operation: ChangeSingleStep done
Event: 178.544 Executing VM operation: ChangeSingleStep
Event: 178.544 Executing VM operation: ChangeSingleStep done
Event: 178.546 Executing VM operation: RedefineClasses
Event: 178.546 Executing VM operation: RedefineClasses done


Dynamic libraries:
0x00007ff6f54d0000 - 0x00007ff6f5503000 	C:\Program Files\Java\jre7\bin\javaw.exe
0x00007ffe91290000 - 0x00007ffe91439000 	C:\Windows\SYSTEM32\ntdll.dll
0x00007ffe90ad0000 - 0x00007ffe90c09000 	C:\Windows\system32\KERNEL32.DLL
0x00007ffe8ea10000 - 0x00007ffe8eb1f000 	C:\Windows\system32\KERNELBASE.dll
0x00007ffe8ca70000 - 0x00007ffe8cafb000 	C:\Windows\system32\apphelp.dll
0x00007ffe7d4b0000 - 0x00007ffe7d4ff000 	C:\Windows\AppPatch\AppPatch64\AcGenral.DLL
0x00007ffe8eb20000 - 0x00007ffe8ebc7000 	C:\Windows\system32\msvcrt.dll
0x00007ffe8e4c0000 - 0x00007ffe8e4eb000 	C:\Windows\SYSTEM32\SspiCli.dll
0x00007ffe8edb0000 - 0x00007ffe8ee01000 	C:\Windows\system32\SHLWAPI.dll
0x00007ffe90ca0000 - 0x00007ffe90e11000 	C:\Windows\system32\USER32.dll
0x00007ffe90950000 - 0x00007ffe90ac6000 	C:\Windows\system32\ole32.dll
0x00007ffe8f130000 - 0x00007ffe90540000 	C:\Windows\system32\SHELL32.dll
0x00007ffe8dca0000 - 0x00007ffe8dcbf000 	C:\Windows\SYSTEM32\USERENV.dll
0x00007ffe91130000 - 0x00007ffe911d5000 	C:\Windows\system32\ADVAPI32.dll
0x00007ffe84ec0000 - 0x00007ffe84edb000 	C:\Windows\SYSTEM32\MPR.dll
0x00007ffe90fc0000 - 0x00007ffe910f6000 	C:\Windows\system32\RPCRT4.dll
0x00007ffe908f0000 - 0x00007ffe90947000 	C:\Windows\SYSTEM32\sechost.dll
0x00007ffe8ee10000 - 0x00007ffe8efe7000 	C:\Windows\SYSTEM32\combase.dll
0x00007ffe90620000 - 0x00007ffe90765000 	C:\Windows\system32\GDI32.dll
0x00007ffe8e610000 - 0x00007ffe8e624000 	C:\Windows\SYSTEM32\profapi.dll
0x00007ffe8cf70000 - 0x00007ffe8d011000 	C:\Windows\SYSTEM32\SHCORE.dll
0x00007ffe905e0000 - 0x00007ffe90614000 	C:\Windows\system32\IMM32.DLL
0x00007ffe8eff0000 - 0x00007ffe8f128000 	C:\Windows\system32\MSCTF.dll
0x00007ffe8cb30000 - 0x00007ffe8cd8a000 	C:\Windows\WinSxS\amd64_microsoft.windows.common-controls_6595b64144ccf1df_6.0.9600.16384_none_62475f7becb72503\COMCTL32.dll
0x0000000063e60000 - 0x0000000063f32000 	C:\Program Files\Java\jre7\bin\msvcr100.dll
0x0000000062580000 - 0x0000000062d49000 	C:\Program Files\Java\jre7\bin\server\jvm.dll
0x00007ffe8c820000 - 0x00007ffe8c829000 	C:\Windows\SYSTEM32\WSOCK32.dll
0x00007ffe8bff0000 - 0x00007ffe8c00f000 	C:\Windows\SYSTEM32\WINMM.dll
0x00007ffe90c80000 - 0x00007ffe90c87000 	C:\Windows\system32\PSAPI.DLL
0x00007ffe907d0000 - 0x00007ffe90828000 	C:\Windows\system32\WS2_32.dll
0x00007ffe8bbb0000 - 0x00007ffe8bbda000 	C:\Windows\SYSTEM32\WINMMBASE.dll
0x00007ffe90c90000 - 0x00007ffe90c99000 	C:\Windows\system32\NSI.dll
0x00007ffe8e970000 - 0x00007ffe8e9ba000 	C:\Windows\SYSTEM32\cfgmgr32.dll
0x00007ffe8d4a0000 - 0x00007ffe8d4c6000 	C:\Windows\SYSTEM32\DEVOBJ.dll
0x0000000063f70000 - 0x0000000063f7f000 	C:\Program Files\Java\jre7\bin\verify.dll
0x0000000063e30000 - 0x0000000063e58000 	C:\Program Files\Java\jre7\bin\java.dll
0x00000000622e0000 - 0x0000000062315000 	C:\Program Files\Java\jre7\bin\jdwp.dll
0x0000000063e20000 - 0x0000000063e28000 	C:\Program Files\Java\jre7\bin\npt.dll
0x0000000063780000 - 0x0000000063795000 	C:\Program Files\Java\jre7\bin\zip.dll
0x00000000622d0000 - 0x00000000622d9000 	C:\Program Files\Java\jre7\bin\dt_socket.dll
0x00007ffe87830000 - 0x00007ffe87844000 	C:\Windows\system32\napinsp.dll
0x00007ffe87810000 - 0x00007ffe87829000 	C:\Windows\system32\pnrpnsp.dll
0x00007ffe896f0000 - 0x00007ffe89709000 	C:\Windows\system32\NLAapi.dll
0x00007ffe8df40000 - 0x00007ffe8df98000 	C:\Windows\System32\mswsock.dll
0x00007ffe8dd50000 - 0x00007ffe8ddf3000 	C:\Windows\SYSTEM32\DNSAPI.dll
0x00007ffe87910000 - 0x00007ffe8791c000 	C:\Windows\System32\winrnr.dll
0x00007ffe885e0000 - 0x00007ffe88647000 	C:\Windows\System32\fwpuclnt.dll
0x00007ffe88070000 - 0x00007ffe88079000 	C:\Windows\System32\rasadhlp.dll
0x000000005ff00000 - 0x0000000060095000 	C:\Program Files\Java\jre7\bin\awt.dll
0x00007ffe90830000 - 0x00007ffe908e7000 	C:\Windows\system32\OLEAUT32.dll
0x00007ffe87200000 - 0x00007ffe87388000 	C:\Windows\SYSTEM32\dbghelp.dll

VM Arguments:
jvm_args: -agentlib:jdwp=transport=dt_socket,suspend=y,address=localhost:53192 -Dfile.encoding=Cp1252 
java_command: colormapRegression.StatisticsTester
Launcher Type: SUN_STANDARD

Environment Variables:
PATH=C:\Program Files (x86)\NVIDIA Corporation\PhysX\Common;C:\Program Files (x86)\Intel\iCLS Client\;C:\Program Files\Intel\iCLS Client\;C:\Windows\system32;C:\Windows;C:\Windows\System32\Wbem;C:\Windows\System32\WindowsPowerShell\v1.0\;C:\Program Files\Intel\Intel(R) Management Engine Components\DAL;C:\Program Files\Intel\Intel(R) Management Engine Components\IPT;C:\Program Files (x86)\Intel\Intel(R) Management Engine Components\DAL;C:\Program Files (x86)\Intel\Intel(R) Management Engine Components\IPT;C:\Program Files\MiKTeX 2.9\miktex\bin\x64\;C:\Program Files (x86)\MySQL\MySQL Utilities 1.3.6\;C:\Program Files\TortoiseSVN\bin
USERNAME=jubernar
OS=Windows_NT
PROCESSOR_IDENTIFIER=Intel64 Family 6 Model 60 Stepping 3, GenuineIntel



---------------  S Y S T E M  ---------------

OS: Windows 8 , 64 bit Build 9200 

CPU:total 8 (4 cores per cpu, 2 threads per core) family 6 model 60 stepping 3, cmov, cx8, fxsr, mmx, sse, sse2, sse3, ssse3, sse4.1, sse4.2, popcnt, avx, avx2, aes, erms, ht, tsc, tscinvbit

Memory: 4k page, physical 33491692k(28260244k free), swap 39055356k(23082396k free)

vm_info: Java HotSpot(TM) 64-Bit Server VM (24.51-b03) for windows-amd64 JRE (1.7.0_51-b13), built on Dec 18 2013 18:40:56 by "java_re" with unknown MS VC++:1600

time: Thu Jun 05 11:48:29 2014
elapsed time: 178 seconds

